\BOOKMARK [1][-]{section.1}{\376\377\000S\000k\000i\000l\000l\000s}{}% 1
\BOOKMARK [2][-]{subsection.1.1}{\376\377\000S\000o\000f\000t\000w\000a\000r\000e}{section.1}% 2
\BOOKMARK [3][-]{subsubsection.1.1.1}{\376\377\000L\000a\000n\000g\000u\000a\000g\000e\000s}{subsection.1.1}% 3
\BOOKMARK [3][-]{subsubsection.1.1.2}{\376\377\000O\000t\000h\000e\000r}{subsection.1.1}% 4
\BOOKMARK [2][-]{subsection.1.2}{\376\377\000H\000a\000r\000d\000w\000a\000r\000e}{section.1}% 5
\BOOKMARK [3][-]{subsubsection.1.2.1}{\376\377\000D\000e\000s\000i\000g\000n}{subsection.1.2}% 6
\BOOKMARK [3][-]{subsubsection.1.2.2}{\376\377\000V\000e\000r\000i\000f\000i\000c\000a\000t\000i\000o\000n\000/\000V\000a\000l\000i\000d\000a\000t\000i\000o\000n}{subsection.1.2}% 7
\BOOKMARK [3][-]{subsubsection.1.2.3}{\376\377\000P\000r\000o\000t\000o\000t\000y\000p\000i\000n\000g}{subsection.1.2}% 8
\BOOKMARK [1][-]{section.2}{\376\377\000E\000d\000u\000c\000a\000t\000i\000o\000n}{}% 9
\BOOKMARK [2][-]{subsection.2.1}{\376\377\000O\000k\000l\000a\000h\000o\000m\000a\000\040\000C\000h\000r\000i\000s\000t\000i\000a\000n\000\040\000U\000n\000i\000v\000e\000r\000s\000i\000t\000y}{section.2}% 10
\BOOKMARK [1][-]{section.3}{\376\377\000H\000o\000n\000o\000r\000s\000\040\000\046\000\040\000A\000w\000a\000r\000d\000s}{}% 11
\BOOKMARK [2][-]{subsection.3.1}{\376\377\000O\000k\000l\000a\000h\000o\000m\000a\000\040\000C\000h\000r\000i\000s\000t\000i\000a\000n\000\040\000U\000n\000i\000v\000e\000r\000s\000i\000t\000y}{section.3}% 12
\BOOKMARK [1][-]{section.4}{\376\377\000E\000x\000p\000e\000r\000i\000e\000n\000c\000e}{}% 13
\BOOKMARK [2][-]{subsection.4.1}{\376\377\000O\000k\000l\000a\000h\000o\000m\000a\000\040\000C\000h\000r\000i\000s\000t\000i\000a\000n\000\040\000U\000n\000i\000v\000e\000r\000s\000i\000t\000y}{section.4}% 14
\BOOKMARK [3][-]{subsubsection.4.1.1}{\376\377\000P\000r\000o\000f\000e\000s\000s\000o\000r\000'\000s\000\040\000A\000s\000s\000i\000s\000t\000a\000n\000t}{subsection.4.1}% 15
\BOOKMARK [3][-]{subsubsection.4.1.2}{\376\377\000T\000e\000a\000c\000h\000i\000n\000g\000\040\000A\000s\000s\000i\000s\000t\000a\000n\000t\000:\000\040\000C\000E\000N\000G\000-\0003\0002\0000\0003\000,\000\040\000C\000E\000N\000G\000-\0003\0002\0001\0003}{subsection.4.1}% 16
\BOOKMARK [3][-]{subsubsection.4.1.3}{\376\377\000T\000e\000a\000c\000h\000i\000n\000g\000\040\000A\000s\000s\000i\000s\000t\000a\000n\000t\000:\000\040\000E\000N\000G\000R\000-\0001\0001\0002\0002}{subsection.4.1}% 17
\BOOKMARK [2][-]{subsection.4.2}{\376\377\000V\000i\000s\000u\000A\000L\000S\000\040\000T\000e\000c\000h\000n\000o\000l\000o\000g\000y\000\040\000S\000o\000l\000u\000t\000i\000o\000n\000s\000\040\000L\000L\000C}{section.4}% 18
\BOOKMARK [3][-]{subsubsection.4.2.1}{\376\377\000J\000a\000v\000a\000\040\000P\000r\000o\000g\000r\000a\000m\000m\000e\000r}{subsection.4.2}% 19
\BOOKMARK [1][-]{section.5}{\376\377\000P\000r\000o\000j\000e\000c\000t\000s}{}% 20
\BOOKMARK [2][-]{subsection.5.1}{\376\377\0008\000-\000b\000i\000t\000\040\0005\000-\000s\000t\000a\000g\000e\000\040\000P\000i\000p\000e\000l\000i\000n\000e\000\040\000R\000I\000S\000C\000\040\000C\000P\000U}{section.5}% 21
\BOOKMARK [2][-]{subsection.5.2}{\376\377\000D\000C\000/\000D\000C\000\040\000B\000o\000o\000s\000t\000\040\000C\000o\000n\000v\000e\000r\000t\000e\000r}{section.5}% 22
\BOOKMARK [2][-]{subsection.5.3}{\376\377\000R\000G\000B\000\040\000L\000a\000s\000e\000r\000\040\000S\000c\000a\000n\000n\000e\000r\000\040\000C\000o\000n\000t\000r\000o\000l\000l\000e\000r}{section.5}% 23
\BOOKMARK [1][-]{section.6}{\376\377\000R\000e\000f\000e\000r\000e\000n\000c\000e\000s}{}% 24
